# JRE version: OpenJDK Runtime Environment Temurin-17.0.9+9 (17.0.9+9) (build 17.0.9+9)
# Java VM: OpenJDK 64-Bit Server VM Temurin-17.0.9+9 (17.0.9+9, mixed mode, emulated-client, tiered, compressed oops, compressed class ptrs, g1 gc, windows-amd64)
GC Precious Log:
 CPUs: 8 total, 8 available
 Memory: 8014M
 Large Page Support: Disabled
 NUMA Support: Disabled
 Compressed Oops: Enabled (32-bit)
 Heap Region Size: 1M
 Heap Min Capacity: 8M
 Heap Initial Capacity: 126M
 Heap Max Capacity: 1G
 Pre-touch: Disabled
 Parallel Workers: 8
 Concurrent Workers: 2
 Concurrent Refinement Workers: 8
 Periodic GC: Disabled
Heap:
 garbage-first heap   total 68608K, used 25281K [0x00000000c0000000, 0x0000000100000000)
  region size 1024K, 1 young (1024K), 0 survivors (0K)
 Metaspace       used 47375K, committed 48064K, reserved 1114112K
  class space    used 6082K, committed 6336K, reserved 1048576K
GC Heap History (20 events):
Event: 100.765 GC heap before
{Heap before GC invocations=15 (full 4):
 garbage-first heap   total 68608K, used 25281K [0x00000000c0000000, 0x0000000100000000)
  region size 1024K, 1 young (1024K), 0 survivors (0K)
 Metaspace       used 47375K, committed 48064K, reserved 1114112K
  class space    used 6082K, committed 6336K, reserved 1048576K
}
Event: 100.786 GC heap after
{Heap after GC invocations=16 (full 5):
 garbage-first heap   total 68608K, used 25281K [0x00000000c0000000, 0x0000000100000000)
  region size 1024K, 0 young (0K), 0 survivors (0K)
 Metaspace       used 47375K, committed 48064K, reserved 1114112K
  class space    used 6082K, committed 6336K, reserved 1048576K
}
Event: 111.022 GC heap before
{Heap before GC invocations=16 (full 5):
 garbage-first heap   total 68608K, used 25281K [0x00000000c0000000, 0x0000000100000000)
  region size 1024K, 1 young (1024K), 0 survivors (0K)
 Metaspace       used 47375K, committed 48064K, reserved 1114112K
  class space    used 6082K, committed 6336K, reserved 1048576K
}
Event: 111.054 GC heap after
{Heap after GC invocations=17 (full 6):
 garbage-first heap   total 68608K, used 25281K [0x00000000c0000000, 0x0000000100000000)
  region size 1024K, 0 young (0K), 0 survivors (0K)
 Metaspace       used 47375K, committed 48064K, reserved 1114112K
  class space    used 6082K, committed 6336K, reserved 1048576K
}
Event: 121.298 GC heap before
{Heap before GC invocations=17 (full 6):
 garbage-first heap   total 68608K, used 25281K [0x00000000c0000000, 0x0000000100000000)
  region size 1024K, 1 young (1024K), 0 survivors (0K)
 Metaspace       used 47375K, committed 48064K, reserved 1114112K
  class space    used 6082K, committed 6336K, reserved 1048576K
}
Event: 121.318 GC heap after
{Heap after GC invocations=18 (full 7):
 garbage-first heap   total 68608K, used 25281K [0x00000000c0000000, 0x0000000100000000)
  region size 1024K, 0 young (0K), 0 survivors (0K)
 Metaspace       used 47375K, committed 48064K, reserved 1114112K
  class space    used 6082K, committed 6336K, reserved 1048576K
}
Event: 131.475 GC heap before
{Heap before GC invocations=18 (full 7):
 garbage-first heap   total 68608K, used 25281K [0x00000000c0000000, 0x0000000100000000)
  region size 1024K, 1 young (1024K), 0 survivors (0K)
 Metaspace       used 47375K, committed 48064K, reserved 1114112K
  class space    used 6082K, committed 6336K, reserved 1048576K
}
Event: 131.497 GC heap after
{Heap after GC invocations=19 (full 8):
 garbage-first heap   total 68608K, used 25281K [0x00000000c0000000, 0x0000000100000000)
  region size 1024K, 0 young (0K), 0 survivors (0K)
 Metaspace       used 47375K, committed 48064K, reserved 1114112K
  class space    used 6082K, committed 6336K, reserved 1048576K
}
Event: 142.020 GC heap before
{Heap before GC invocations=19 (full 8):
 garbage-first heap   total 68608K, used 25281K [0x00000000c0000000, 0x0000000100000000)
  region size 1024K, 1 young (1024K), 0 survivors (0K)
 Metaspace       used 47375K, committed 48064K, reserved 1114112K
  class space    used 6082K, committed 6336K, reserved 1048576K
}
Event: 142.059 GC heap after
{Heap after GC invocations=20 (full 9):
 garbage-first heap   total 68608K, used 25281K [0x00000000c0000000, 0x0000000100000000)
  region size 1024K, 0 young (0K), 0 survivors (0K)
 Metaspace       used 47375K, committed 48064K, reserved 1114112K
  class space    used 6082K, committed 6336K, reserved 1048576K
}
Event: 152.287 GC heap before
{Heap before GC invocations=20 (full 9):
 garbage-first heap   total 68608K, used 25281K [0x00000000c0000000, 0x0000000100000000)
  region size 1024K, 1 young (1024K), 0 survivors (0K)
 Metaspace       used 47375K, committed 48064K, reserved 1114112K
  class space    used 6082K, committed 6336K, reserved 1048576K
}
Event: 152.318 GC heap after
{Heap after GC invocations=21 (full 10):
 garbage-first heap   total 68608K, used 25281K [0x00000000c0000000, 0x0000000100000000)
  region size 1024K, 0 young (0K), 0 survivors (0K)
 Metaspace       used 47375K, committed 48064K, reserved 1114112K
  class space    used 6082K, committed 6336K, reserved 1048576K
}
Event: 162.537 GC heap before
{Heap before GC invocations=21 (full 10):
 garbage-first heap   total 68608K, used 25281K [0x00000000c0000000, 0x0000000100000000)
  region size 1024K, 1 young (1024K), 0 survivors (0K)
 Metaspace       used 47375K, committed 48064K, reserved 1114112K
  class space    used 6082K, committed 6336K, reserved 1048576K
}
Event: 162.575 GC heap after
{Heap after GC invocations=22 (full 11):
 garbage-first heap   total 68608K, used 25281K [0x00000000c0000000, 0x0000000100000000)
  region size 1024K, 0 young (0K), 0 survivors (0K)
 Metaspace       used 47375K, committed 48064K, reserved 1114112K
  class space    used 6082K, committed 6336K, reserved 1048576K
}
Event: 173.371 GC heap before
{Heap before GC invocations=22 (full 11):
 garbage-first heap   total 68608K, used 25281K [0x00000000c0000000, 0x0000000100000000)
  region size 1024K, 1 young (1024K), 0 survivors (0K)
 Metaspace       used 47375K, committed 48064K, reserved 1114112K
  class space    used 6082K, committed 6336K, reserved 1048576K
}
Event: 173.424 GC heap after
{Heap after GC invocations=23 (full 12):
 garbage-first heap   total 68608K, used 25281K [0x00000000c0000000, 0x0000000100000000)
  region size 1024K, 0 young (0K), 0 survivors (0K)
 Metaspace       used 47375K, committed 48064K, reserved 1114112K
  class space    used 6082K, committed 6336K, reserved 1048576K
}
Event: 183.920 GC heap before
{Heap before GC invocations=23 (full 12):
 garbage-first heap   total 68608K, used 25281K [0x00000000c0000000, 0x0000000100000000)
  region size 1024K, 1 young (1024K), 0 survivors (0K)
 Metaspace       used 47375K, committed 48064K, reserved 1114112K
  class space    used 6082K, committed 6336K, reserved 1048576K
}
Event: 183.974 GC heap after
{Heap after GC invocations=24 (full 13):
 garbage-first heap   total 68608K, used 25281K [0x00000000c0000000, 0x0000000100000000)
  region size 1024K, 0 young (0K), 0 survivors (0K)
 Metaspace       used 47375K, committed 48064K, reserved 1114112K
  class space    used 6082K, committed 6336K, reserved 1048576K
}
Event: 194.314 GC heap before
{Heap before GC invocations=24 (full 13):
 garbage-first heap   total 68608K, used 25281K [0x00000000c0000000, 0x0000000100000000)
  region size 1024K, 1 young (1024K), 0 survivors (0K)
 Metaspace       used 47375K, committed 48064K, reserved 1114112K
  class space    used 6082K, committed 6336K, reserved 1048576K
}
Event: 194.340 GC heap after
{Heap after GC invocations=25 (full 14):
 garbage-first heap   total 68608K, used 25281K [0x00000000c0000000, 0x0000000100000000)
  region size 1024K, 0 young (0K), 0 survivors (0K)
 Metaspace       used 47375K, committed 48064K, reserved 1114112K
  class space    used 6082K, committed 6336K, reserved 1048576K
}

